<?xml version="1.0" encoding="UTF-8" ?>
<testsuite tests="6" failures="1" name="com.ejemplo.clienteshttp.Test_ClienteHttp4513" time="2.667" errors="0" skipped="5">
  <properties>
[...]
</properties>
  <testcase classname="com.ejemplo.clienteshttp.Test_ClienteHttp4513" name="solicitarDatosFormulario_GET_TLSv1_2" time="0.078">
    <skipped message="descomentar para ignorar"/>
  </testcase>
  <testcase classname="com.ejemplo.clienteshttp.Test_ClienteHttp4513" name="solicitarDatosFormulario_GET_TLSv1_3" time="0.078">
    <skipped message="descomentar para ignorar"/>
  </testcase>
  <testcase classname="com.ejemplo.clienteshttp.Test_ClienteHttp4513" name="registrarFormulario_POST" time="0.079">
    <skipped message="descomentar para ignorar"/>
  </testcase>
  <testcase classname="com.ejemplo.clienteshttp.Test_ClienteHttp4513" name="modificarFormulario_PUT" time="0.079">
    <skipped message="descomentar para ignorar"/>
  </testcase>
  <testcase classname="com.ejemplo.clienteshttp.Test_ClienteHttp4513" name="prueba_GET_TLSv1_2" time="1.176">
    <failure message="TEST GET_TLSv1_2  NO HA PASADO: SE ESPERABA 200 OK" type="java.lang.AssertionError">java.lang.AssertionError: TEST GET_TLSv1_2  NO HA PASADO: SE ESPERABA 200 OK
	at org.junit.Assert.fail(Assert.java:89)
	at org.junit.Assert.assertTrue(Assert.java:42)
	at com.ejemplo.clienteshttp.Test_ClienteHttp4513.prueba_GET_TLSv1_2(Test_ClienteHttp4513.java:82)
	at java.base/jdk.internal.reflect.NativeMethodAccessorImpl.invoke0(Native Method)
	at java.base/jdk.internal.reflect.NativeMethodAccessorImpl.invoke(NativeMethodAccessorImpl.java:64)
	at java.base/jdk.internal.reflect.DelegatingMethodAccessorImpl.invoke(DelegatingMethodAccessorImpl.java:43)
	at java.base/java.lang.reflect.Method.invoke(Method.java:564)
	at org.junit.runners.model.FrameworkMethod$1.runReflectiveCall(FrameworkMethod.java:59)
	at org.junit.internal.runners.model.ReflectiveCallable.run(ReflectiveCallable.java:12)
	at org.junit.runners.model.FrameworkMethod.invokeExplosively(FrameworkMethod.java:56)
	at org.junit.internal.runners.statements.InvokeMethod.evaluate(InvokeMethod.java:17)
	at org.junit.internal.runners.statements.RunBefores.evaluate(RunBefores.java:26)
	at org.junit.runners.ParentRunner$3.evaluate(ParentRunner.java:306)
	at org.junit.runners.BlockJUnit4ClassRunner$1.evaluate(BlockJUnit4ClassRunner.java:100)
	at org.junit.runners.ParentRunner.runLeaf(ParentRunner.java:366)
	at org.junit.runners.BlockJUnit4ClassRunner.runChild(BlockJUnit4ClassRunner.java:103)
	at org.junit.runners.BlockJUnit4ClassRunner.runChild(BlockJUnit4ClassRunner.java:63)
	at org.junit.runners.ParentRunner$4.run(ParentRunner.java:331)
	at org.junit.runners.ParentRunner$1.schedule(ParentRunner.java:79)
	at org.junit.runners.ParentRunner.runChildren(ParentRunner.java:329)
	at org.junit.runners.ParentRunner.access$100(ParentRunner.java:66)
	at org.junit.runners.ParentRunner$2.evaluate(ParentRunner.java:293)
	at org.junit.runners.ParentRunner$3.evaluate(ParentRunner.java:306)
	at org.junit.runners.ParentRunner.run(ParentRunner.java:413)
	at org.apache.maven.surefire.junit4.JUnit4Provider.execute(JUnit4Provider.java:252)
	at org.apache.maven.surefire.junit4.JUnit4Provider.executeTestSet(JUnit4Provider.java:141)
	at org.apache.maven.surefire.junit4.JUnit4Provider.invoke(JUnit4Provider.java:112)
	at java.base/jdk.internal.reflect.NativeMethodAccessorImpl.invoke0(Native Method)
	at java.base/jdk.internal.reflect.NativeMethodAccessorImpl.invoke(NativeMethodAccessorImpl.java:64)
	at java.base/jdk.internal.reflect.DelegatingMethodAccessorImpl.invoke(DelegatingMethodAccessorImpl.java:43)
	at java.base/java.lang.reflect.Method.invoke(Method.java:564)
	at org.apache.maven.surefire.util.ReflectionUtils.invokeMethodWithArray(ReflectionUtils.java:189)
	at org.apache.maven.surefire.booter.ProviderFactory$ProviderProxy.invoke(ProviderFactory.java:165)
	at org.apache.maven.surefire.booter.ProviderFactory.invokeProvider(ProviderFactory.java:85)
	at org.apache.maven.surefire.booter.ForkedBooter.runSuitesInProcess(ForkedBooter.java:115)
	at org.apache.maven.surefire.booter.ForkedBooter.main(ForkedBooter.java:75)
</failure>
    <system-out>
TEST ---&gt; PRUEBA GET (HTTPS-TLSv1.2) ...
[INFO ] 2021-05-24 03:16:30.889 [main] ClienteHttp4513 -  ---&gt; CONFIGURADO HTTPCLIENT CON VERSION_TLS:  TLSv1.3
[INFO ] 2021-05-24 03:16:30.892 [main] ClienteHttp4513 -  ---  realizarPeticion_GET Call: https://www.google.es
 ---  realizarPeticion_GET Call: https://www.google.es
[DEBUG] 2021-05-24 03:16:31.091 [main] ClienteHttp4513 - checkServerTrusted: [Ljava.security.cert.X509Certificate;@f9879ac X509Certificate[] encontrados: 2
[INFO ] 2021-05-24 03:16:31.093 [main] ClienteHttp4513 -  Tipo:X.509 Version:3 CN=*.google.es, O=Google LLC, L=Mountain View, ST=California, C=US
[DEBUG] 2021-05-24 03:16:31.093 [main] ClienteHttp4513 -  getAcceptedIssuers():OK
[INFO ] 2021-05-24 03:16:31.201 [main] ClienteHttp4513 -  ---  Respuesta peticion GET: 200 - OK
[INFO ] 2021-05-24 03:16:31.202 [main] ClienteHttp4513 - --------  RESPUESTA OBTENIDA -----------------
[INFO ] 2021-05-24 03:16:31.207 [main] ClienteHttp4513 - &lt;!doctype html&gt;&lt;html itemscope=&quot;&quot; itemtype=&quot;http://schema.org/WebPage&quot; lang=&quot;es&quot;&gt;&lt;head&gt;&lt;meta content=&quot;Google.es permite acceder a la información mundial en castellano, catalán, gallego, euskara e inglés.&quot; name=&quot;description&quot;&gt;&lt;meta content=&quot;noodp&quot; name=&quot;robots&quot;&gt;&lt;meta content=&quot;text/html; charset=UTF-8&quot; http-equiv=&quot;Content-Type&quot;&gt;&lt;meta content=&quot;/images/branding/googleg/1x/googleg_standard_color_128dp.png&quot; itemprop=&quot;image&quot;&gt;&lt;title&gt;Google&lt;/title&gt;&lt;script nonce=&quot;L147HIOmmNrt3ENj6IVgSA==&quot;&gt;(function(){window.google={kEI:&apos;b_6qYPLXCIy7lwTmwqDIAg&apos;,kEXPI:&apos;0,772215,1,530320,56873,954,755,4350,206,4804,2316,383,246,5,1354,5250,1122516,1197790,462,31,328934,51274,16114,19398,9286,893,16679,4859,1361,9290,3025,4743,12841,4020,978,13227,2055,1793,4192,2693,3737,14527,4518,2777,919,5081,1593,1279,1042,1170,530,149,1103,840,517,1466,3,4311,108,3406,606,2023,1777,520,14670,3227,2845,7,4774,7580,5096,7876,3748,1181,108,2854,553,908,2,941,2614,2397,7468,3277,3,576,1835,2551,2073,149,5990,7985,4,1528,2304,1236,832,4394,577,1791,2893,2014,4067,14308,2658,4164,78,519,912,1028,656,30,3854,7561,2213,2305,640,1492,5586,3772,6763,665,2145,2102,1583,2527,992,3102,3138,6,613,295,3,3541,1,4174,4820,2948,2768,1814,283,912,5992,1161,99,1,5493,432,5340,2,1113,281,2806,712,1003,2,3037,20,5249,723,908,475,809,1052,2792,295,530,2,61,92,82,1358,354,1,1,1,1097,923,21,72,315,226,2,1787,116,1159,327,3845,406,2050,45,453,1149,171,55,2,336,908,1272,145,13,751,106,284,650,689,333,2,2,1047,1160,834,1661,30,2168,2,2,1667,34,11,593,1100,38,92,2,398,719,3,726,361,1713,532,860,3,1038,104,640,286,3,285,2,376,16,1652,921,898,150,527,280,5644676,183,3,40,63,151,4,5996917,2800650,882,444,1,2,80,1,1797,2,7,2,2551,1,748,141,795,563,1,4265,1,1,2,1331,3299,843,1,2608,155,17,13,72,139,4,2,20,2,169,13,19,46,5,39,96,284,4,4,4,4,4,4,8,4,4,4,24,196,29,2,2,1,2,1,2,2,7,4,1,2,2,2,2,2,2,276,133,77,75,70,7,9,2,9,3,2,2,23955563,4010274,268,1678,25701,2,918,2,2377,3,120,3,344,3,277,1007,486&apos;,kBL:&apos;y41M&apos;};google.sn=&apos;webhp&apos;;google.kHL=&apos;es&apos;;})();(function(){
var f,h=[];function k(a){for(var b;a&amp;&amp;(!a.getAttribute||!(b=a.getAttribute(&quot;eid&quot;)));)a=a.parentNode;return b||f}function l(a){for(var b=null;a&amp;&amp;(!a.getAttribute||!(b=a.getAttribute(&quot;leid&quot;)));)a=a.parentNode;return b}
function m(a,b,c,d,g){var e=&quot;&quot;;c||-1!=b.search(&quot;&amp;ei=&quot;)||(e=&quot;&amp;ei=&quot;+k(d),-1==b.search(&quot;&amp;lei=&quot;)&amp;&amp;(d=l(d))&amp;&amp;(e+=&quot;&amp;lei=&quot;+d));d=&quot;&quot;;!c&amp;&amp;window._cshid&amp;&amp;-1==b.search(&quot;&amp;cshid=&quot;)&amp;&amp;&quot;slh&quot;!=a&amp;&amp;(d=&quot;&amp;cshid=&quot;+window._cshid);c=c||&quot;/&quot;+(g||&quot;gen_204&quot;)+&quot;?atyp=i&amp;ct=&quot;+a+&quot;&amp;cad=&quot;+b+e+&quot;&amp;zx=&quot;+Date.now()+d;/^http:/i.test(c)&amp;&amp;&quot;https:&quot;==window.location.protocol&amp;&amp;(google.ml&amp;&amp;google.ml(Error(&quot;a&quot;),!1,{src:c,glmm:1}),c=&quot;&quot;);return c};f=google.kEI;google.getEI=k;google.getLEI=l;google.ml=function(){return null};google.log=function(a,b,c,d,g){if(c=m(a,b,c,d,g)){a=new Image;var e=h.length;h[e]=a;a.onerror=a.onload=a.onabort=function(){delete h[e]};a.src=c}};google.logUrl=m;}).call(this);(function(){
google.y={};google.sy=[];google.x=function(a,b){if(a)var c=a.id;else{do c=Math.random();while(google.y[c])}google.y[c]=[a,b];return!1};google.sx=function(a){google.sy.push(a)};google.lm=[];google.plm=function(a){google.lm.push.apply(google.lm,a)};google.lq=[];google.load=function(a,b,c){google.lq.push([[a],b,c])};google.loadAll=function(a,b){google.lq.push([a,b])};google.bx=!1;google.lx=function(){};}).call(this);google.f={};(function(){
document.documentElement.addEventListener(&quot;submit&quot;,function(b){var a;if(a=b.target){var c=a.getAttribute(&quot;data-submitfalse&quot;);a=&quot;1&quot;==c||&quot;q&quot;==c&amp;&amp;!a.elements.q.value?!0:!1}else a=!1;a&amp;&amp;(b.preventDefault(),b.stopPropagation())},!0);document.documentElement.addEventListener(&quot;click&quot;,function(b){var a;a:{for(a=b.target;a&amp;&amp;a!=document.documentElement;a=a.parentElement)if(&quot;A&quot;==a.tagName){a=&quot;1&quot;==a.getAttribute(&quot;data-nohref&quot;);break a}a=!1}a&amp;&amp;b.preventDefault()},!0);}).call(this);&lt;/script&gt;&lt;style&gt;#gbar,#guser{font-size:13px;padding-top:1px !important;}#gbar{height:22px}#guser{padding-bottom:7px !important;text-align:right}.gbh,.gbd{border-top:1px solid #c9d7f1;font-size:1px}.gbh{height:0;position:absolute;top:24px;width:100%}@media all{.gb1{height:22px;margin-right:.5em;vertical-align:top}#gbar{float:left}}a.gb1,a.gb4{text-decoration:underline !important}a.gb1,a.gb4{color:#00c !important}.gbi .gb4{color:#dd8e27 !important}.gbf .gb4{color:#900 !important}
&lt;/style&gt;&lt;style&gt;body,td,a,p,.h{font-family:arial,sans-serif}body{margin:0;overflow-y:scroll}#gog{padding:3px 8px 0}td{line-height:.8em}.gac_m td{line-height:17px}form{margin-bottom:20px}.h{color:#1558d6}em{font-weight:bold;font-style:normal}.lst{height:25px;width:496px}.gsfi,.lst{font:18px arial,sans-serif}.gsfs{font:17px arial,sans-serif}.ds{display:inline-box;display:inline-block;margin:3px 0 4px;margin-left:4px}input{font-family:inherit}body{background:#fff;color:#000}a{color:#4b11a8;text-decoration:none}a:hover,a:active{text-decoration:underline}.fl a{color:#1558d6}a:visited{color:#4b11a8}.sblc{padding-top:5px}.sblc a{display:block;margin:2px 0;margin-left:13px;font-size:11px}.lsbb{background:#f8f9fa;border:solid 1px;border-color:#dadce0 #70757a #70757a #dadce0;height:30px}.lsbb{display:block}#WqQANb a{display:inline-block;margin:0 12px}.lsb{background:url(/images/nav_logo229.png) 0 -261px repeat-x;border:none;color:#000;cursor:pointer;height:30px;margin:0;outline:0;font:15px arial,sans-serif;vertical-align:top}.lsb:active{background:#dadce0}.lst:focus{outline:none}&lt;/style&gt;&lt;script nonce=&quot;L147HIOmmNrt3ENj6IVgSA==&quot;&gt;&lt;/script&gt;&lt;/head&gt;&lt;body bgcolor=&quot;#fff&quot;&gt;&lt;script nonce=&quot;L147HIOmmNrt3ENj6IVgSA==&quot;&gt;(function(){var src=&apos;/images/nav_logo229.png&apos;;var iesg=false;document.body.onload = function(){window.n &amp;&amp; window.n();if (document.images){new Image().src=src;}
if (!iesg){document.f&amp;&amp;document.f.q.focus();document.gbqf&amp;&amp;document.gbqf.q.focus();}
}
})();&lt;/script&gt;&lt;div id=&quot;mngb&quot;&gt;&lt;div id=gbar&gt;&lt;nobr&gt;&lt;b class=gb1&gt;Búsqueda&lt;/b&gt; &lt;a class=gb1 href=&quot;https://www.google.es/imghp?hl=es&amp;tab=wi&quot;&gt;Imágenes&lt;/a&gt; &lt;a class=gb1 href=&quot;https://maps.google.es/maps?hl=es&amp;tab=wl&quot;&gt;Maps&lt;/a&gt; &lt;a class=gb1 href=&quot;https://play.google.com/?hl=es&amp;tab=w8&quot;&gt;Play&lt;/a&gt; &lt;a class=gb1 href=&quot;https://www.youtube.com/?gl=ES&amp;tab=w1&quot;&gt;YouTube&lt;/a&gt; &lt;a class=gb1 href=&quot;https://news.google.com/?tab=wn&quot;&gt;Noticias&lt;/a&gt; &lt;a class=gb1 href=&quot;https://mail.google.com/mail/?tab=wm&quot;&gt;Gmail&lt;/a&gt; &lt;a class=gb1 href=&quot;https://drive.google.com/?tab=wo&quot;&gt;Drive&lt;/a&gt; &lt;a class=gb1 style=&quot;text-decoration:none&quot; href=&quot;https://www.google.es/intl/es/about/products?tab=wh&quot;&gt;&lt;u&gt;Más&lt;/u&gt; &amp;raquo;&lt;/a&gt;&lt;/nobr&gt;&lt;/div&gt;&lt;div id=guser width=100%&gt;&lt;nobr&gt;&lt;span id=gbn class=gbi&gt;&lt;/span&gt;&lt;span id=gbf class=gbf&gt;&lt;/span&gt;&lt;span id=gbe&gt;&lt;/span&gt;&lt;a href=&quot;http://www.google.es/history/optout?hl=es&quot; class=gb4&gt;Historial web&lt;/a&gt; | &lt;a  href=&quot;/preferences?hl=es&quot; class=gb4&gt;Ajustes&lt;/a&gt; | &lt;a target=_top id=gb_70 href=&quot;https://accounts.google.com/ServiceLogin?hl=es&amp;passive=true&amp;continue=https://www.google.es/&amp;ec=GAZAAQ&quot; class=gb4&gt;Iniciar sesión&lt;/a&gt;&lt;/nobr&gt;&lt;/div&gt;&lt;div class=gbh style=left:0&gt;&lt;/div&gt;&lt;div class=gbh style=right:0&gt;&lt;/div&gt;&lt;/div&gt;&lt;center&gt;&lt;br clear=&quot;all&quot; id=&quot;lgpd&quot;&gt;&lt;div id=&quot;lga&quot;&gt;&lt;img alt=&quot;Google&quot; height=&quot;92&quot; src=&quot;/images/branding/googlelogo/1x/googlelogo_white_background_color_272x92dp.png&quot; style=&quot;padding:28px 0 14px&quot; width=&quot;272&quot; id=&quot;hplogo&quot;&gt;&lt;br&gt;&lt;br&gt;&lt;/div&gt;&lt;form action=&quot;/search&quot; name=&quot;f&quot;&gt;&lt;table cellpadding=&quot;0&quot; cellspacing=&quot;0&quot;&gt;&lt;tr valign=&quot;top&quot;&gt;&lt;td width=&quot;25%&quot;&gt;&amp;nbsp;&lt;/td&gt;&lt;td align=&quot;center&quot; nowrap=&quot;&quot;&gt;&lt;input name=&quot;ie&quot; value=&quot;ISO-8859-1&quot; type=&quot;hidden&quot;&gt;&lt;input value=&quot;es&quot; name=&quot;hl&quot; type=&quot;hidden&quot;&gt;&lt;input name=&quot;source&quot; type=&quot;hidden&quot; value=&quot;hp&quot;&gt;&lt;input name=&quot;biw&quot; type=&quot;hidden&quot;&gt;&lt;input name=&quot;bih&quot; type=&quot;hidden&quot;&gt;&lt;div class=&quot;ds&quot; style=&quot;height:32px;margin:4px 0&quot;&gt;&lt;input class=&quot;lst&quot; style=&quot;margin:0;padding:5px 8px 0 6px;vertical-align:top;color:#000&quot; autocomplete=&quot;off&quot; value=&quot;&quot; title=&quot;Buscar con Google&quot; maxlength=&quot;2048&quot; name=&quot;q&quot; size=&quot;57&quot;&gt;&lt;/div&gt;&lt;br style=&quot;line-height:0&quot;&gt;&lt;span class=&quot;ds&quot;&gt;&lt;span class=&quot;lsbb&quot;&gt;&lt;input class=&quot;lsb&quot; value=&quot;Buscar con Google&quot; name=&quot;btnG&quot; type=&quot;submit&quot;&gt;&lt;/span&gt;&lt;/span&gt;&lt;span class=&quot;ds&quot;&gt;&lt;span class=&quot;lsbb&quot;&gt;&lt;input class=&quot;lsb&quot; id=&quot;tsuid1&quot; value=&quot;Voy a tener suerte&quot; name=&quot;btnI&quot; type=&quot;submit&quot;&gt;&lt;script nonce=&quot;L147HIOmmNrt3ENj6IVgSA==&quot;&gt;(function(){var id=&apos;tsuid1&apos;;document.getElementById(id).onclick = function(){if (this.form.q.value){this.checked = 1;if (this.form.iflsig)this.form.iflsig.disabled = false;}
else top.location=&apos;/doodles/&apos;;};})();&lt;/script&gt;&lt;input value=&quot;AINFCbYAAAAAYKsMf4ZFtHGil_I-hkutBpOwxSTJ0gp0&quot; name=&quot;iflsig&quot; type=&quot;hidden&quot;&gt;&lt;/span&gt;&lt;/span&gt;&lt;/td&gt;&lt;td class=&quot;fl sblc&quot; align=&quot;left&quot; nowrap=&quot;&quot; width=&quot;25%&quot;&gt;&lt;a href=&quot;/advanced_search?hl=es&amp;amp;authuser=0&quot;&gt;Búsqueda avanzada&lt;/a&gt;&lt;/td&gt;&lt;/tr&gt;&lt;/table&gt;&lt;input id=&quot;gbv&quot; name=&quot;gbv&quot; type=&quot;hidden&quot; value=&quot;1&quot;&gt;&lt;script nonce=&quot;L147HIOmmNrt3ENj6IVgSA==&quot;&gt;(function(){
var a,b=&quot;1&quot;;if(document&amp;&amp;document.getElementById)if(&quot;undefined&quot;!=typeof XMLHttpRequest)b=&quot;2&quot;;else if(&quot;undefined&quot;!=typeof ActiveXObject){var c,d,e=[&quot;MSXML2.XMLHTTP.6.0&quot;,&quot;MSXML2.XMLHTTP.3.0&quot;,&quot;MSXML2.XMLHTTP&quot;,&quot;Microsoft.XMLHTTP&quot;];for(c=0;d=e[c++];)try{new ActiveXObject(d),b=&quot;2&quot;}catch(h){}}a=b;if(&quot;2&quot;==a&amp;&amp;-1==location.search.indexOf(&quot;&amp;gbv=2&quot;)){var f=google.gbvu,g=document.getElementById(&quot;gbv&quot;);g&amp;&amp;(g.value=a);f&amp;&amp;window.setTimeout(function(){location.href=f},0)};}).call(this);&lt;/script&gt;&lt;/form&gt;&lt;div id=&quot;gac_scont&quot;&gt;&lt;/div&gt;&lt;div style=&quot;font-size:83%;min-height:3.5em&quot;&gt;&lt;br&gt;&lt;div id=&quot;gws-output-pages-elements-homepage_additional_languages__als&quot;&gt;&lt;style&gt;#gws-output-pages-elements-homepage_additional_languages__als{font-size:small;margin-bottom:24px}#SIvCob{display:inline-block;line-height:28px;}#SIvCob a{padding:0 3px;}.H6sW5{display:inline-block;margin:0 2px;white-space:nowrap}.z4hgWe{display:inline-block;margin:0 2px}&lt;/style&gt;&lt;div id=&quot;SIvCob&quot;&gt;Ofrecido por Google en:  &lt;a href=&quot;https://www.google.es/setprefs?sig=0_67qeBhjsXCtFthCgrxOVTUvCiXw%3D&amp;amp;hl=ca&amp;amp;source=homepage&amp;amp;sa=X&amp;amp;ved=0ahUKEwiyy-3GkuHwAhWM3YUKHWYhCCkQ2ZgBCAU&quot;&gt;català&lt;/a&gt;    &lt;a href=&quot;https://www.google.es/setprefs?sig=0_67qeBhjsXCtFthCgrxOVTUvCiXw%3D&amp;amp;hl=gl&amp;amp;source=homepage&amp;amp;sa=X&amp;amp;ved=0ahUKEwiyy-3GkuHwAhWM3YUKHWYhCCkQ2ZgBCAY&quot;&gt;galego&lt;/a&gt;    &lt;a href=&quot;https://www.google.es/setprefs?sig=0_67qeBhjsXCtFthCgrxOVTUvCiXw%3D&amp;amp;hl=eu&amp;amp;source=homepage&amp;amp;sa=X&amp;amp;ved=0ahUKEwiyy-3GkuHwAhWM3YUKHWYhCCkQ2ZgBCAc&quot;&gt;euskara&lt;/a&gt;  &lt;/div&gt;&lt;/div&gt;&lt;/div&gt;&lt;span id=&quot;footer&quot;&gt;&lt;div style=&quot;font-size:10pt&quot;&gt;&lt;div style=&quot;margin:19px auto;text-align:center&quot; id=&quot;WqQANb&quot;&gt;&lt;a href=&quot;/intl/es/ads/&quot;&gt;Programas de publicidad&lt;/a&gt;&lt;a href=&quot;http://www.google.es/intl/es/services/&quot;&gt;Soluciones Empresariales&lt;/a&gt;&lt;a href=&quot;/intl/es/about.html&quot;&gt;Todo acerca de Google&lt;/a&gt;&lt;a href=&quot;https://www.google.es/setprefdomain?prefdom=US&amp;amp;sig=K_BiuaiRIIb23Mas2wMETkdl3kIts%3D&quot; id=&quot;fehl&quot;&gt;Google.com&lt;/a&gt;&lt;/div&gt;&lt;/div&gt;&lt;p style=&quot;font-size:8pt;color:#70757a&quot;&gt;&amp;copy; 2021 - &lt;a href=&quot;/intl/es/policies/privacy/&quot;&gt;Privacidad&lt;/a&gt; - &lt;a href=&quot;/intl/es/policies/terms/&quot;&gt;Términos&lt;/a&gt;&lt;/p&gt;&lt;/span&gt;&lt;/center&gt;&lt;script nonce=&quot;L147HIOmmNrt3ENj6IVgSA==&quot;&gt;(function(){window.google.cdo={height:0,width:0};(function(){
var a=window.innerWidth,b=window.innerHeight;if(!a||!b){var c=window.document,d=&quot;CSS1Compat&quot;==c.compatMode?c.documentElement:c.body;a=d.clientWidth;b=d.clientHeight}a&amp;&amp;b&amp;&amp;(a!=google.cdo.width||b!=google.cdo.height)&amp;&amp;google.log(&quot;&quot;,&quot;&quot;,&quot;/client_204?&amp;atyp=i&amp;biw=&quot;+a+&quot;&amp;bih=&quot;+b+&quot;&amp;ei=&quot;+google.kEI);}).call(this);})();&lt;/script&gt; &lt;script nonce=&quot;L147HIOmmNrt3ENj6IVgSA==&quot;&gt;(function(){google.xjs={ck:&apos;&apos;,cs:&apos;&apos;,excm:[]};})();&lt;/script&gt;  &lt;script nonce=&quot;L147HIOmmNrt3ENj6IVgSA==&quot;&gt;(function(){var u=&apos;/xjs/_/js/k\x3dxjs.hp.en.lHtFAh-swj4.O/m\x3dsb_he,d/am\x3dAHgCLA/d\x3d1/ed\x3d1/rs\x3dACT90oGHn4Wmv_QBfS4TJEbEQApTpgWEMA&apos;;
var e=this||self,f=function(a){return a};var g;var l=function(a,b){this.g=b===h?a:&quot;&quot;};l.prototype.toString=function(){return this.g+&quot;&quot;};var h={};function m(){var a=u;google.lx=function(){n(a);google.lx=function(){}};google.bx||google.lx()}
function n(a){google.timers&amp;&amp;google.timers.load&amp;&amp;google.tick&amp;&amp;google.tick(&quot;load&quot;,&quot;xjsls&quot;);var b=document;var c=&quot;SCRIPT&quot;;&quot;application/xhtml+xml&quot;===b.contentType&amp;&amp;(c=c.toLowerCase());c=b.createElement(c);if(void 0===g){b=null;var k=e.trustedTypes;if(k&amp;&amp;k.createPolicy){try{b=k.createPolicy(&quot;goog#html&quot;,{createHTML:f,createScript:f,createScriptURL:f})}catch(p){e.console&amp;&amp;e.console.error(p.message)}g=b}else g=b}a=(b=g)?b.createScriptURL(a):a;a=new l(a,h);c.src=a instanceof l&amp;&amp;a.constructor===l?a.g:&quot;type_error:TrustedResourceUrl&quot;;var d;a=(c.ownerDocument&amp;&amp;c.ownerDocument.defaultView||window).document;(d=(a=null===(d=a.querySelector)||void 0===d?void 0:d.call(a,&quot;script[nonce]&quot;))?a.nonce||a.getAttribute(&quot;nonce&quot;)||&quot;&quot;:&quot;&quot;)&amp;&amp;c.setAttribute(&quot;nonce&quot;,d);document.body.appendChild(c);google.psa=!0};setTimeout(function(){m()},0);})();(function(){window.google.xjsu=&apos;/xjs/_/js/k\x3dxjs.hp.en.lHtFAh-swj4.O/m\x3dsb_he,d/am\x3dAHgCLA/d\x3d1/ed\x3d1/rs\x3dACT90oGHn4Wmv_QBfS4TJEbEQApTpgWEMA&apos;;})();function _DumpException(e){throw e;}
function _F_installCss(c){}
(function(){google.jl={blt:&apos;none&apos;,dw:false,emtn:0,ine:false,lls:&apos;default&apos;,pdt:0,snet:true,uwp:true};})();(function(){var pmc=&apos;{\x22d\x22:{},\x22sb_he\x22:{\x22agen\x22:true,\x22cgen\x22:true,\x22client\x22:\x22heirloom-hp\x22,\x22dh\x22:true,\x22dhqt\x22:true,\x22ds\x22:\x22\x22,\x22ffql\x22:\x22es\x22,\x22fl\x22:true,\x22host\x22:\x22google.es\x22,\x22isbh\x22:28,\x22jsonp\x22:true,\x22lm\x22:true,\x22msgs\x22:{\x22cibl\x22:\x22Borrar búsqueda\x22,\x22dym\x22:\x22Quizás quisiste decir:\x22,\x22lcky\x22:\x22Voy a tener suerte\x22,\x22lml\x22:\x22Más información\x22,\x22oskt\x22:\x22Herramientas de introducción de texto\x22,\x22psrc\x22:\x22Esta búsqueda se ha eliminado de tu \\u003Ca href\x3d\\\x22/history\\\x22\\u003Ehistorial web\\u003C/a\\u003E.\x22,\x22psrl\x22:\x22Quitar\x22,\x22sbit\x22:\x22Buscar por imagen\x22,\x22srch\x22:\x22Buscar con Google\x22},\x22nrft\x22:false,\x22ovr\x22:{},\x22pq\x22:\x22\x22,\x22refpd\x22:true,\x22rfs\x22:[],\x22sbas\x22:\x220 3px 8px 0 rgba(0,0,0,0.2),0 0 0 1px rgba(0,0,0,0.08)\x22,\x22sbpl\x22:16,\x22sbpr\x22:16,\x22scd\x22:10,\x22stok\x22:\x22P8DriayXmOSjsq6BHIybIx9niKo\x22,\x22uhde\x22:false}}&apos;;google.pmc=JSON.parse(pmc);})();&lt;/script&gt;        &lt;/body&gt;&lt;/html&gt;
&lt;!doctype html&gt;&lt;html itemscope=&quot;&quot; itemtype=&quot;http://schema.org/WebPage&quot; lang=&quot;es&quot;&gt;&lt;head&gt;&lt;meta content=&quot;Google.es permite acceder a la información mundial en castellano, catalán, gallego, euskara e inglés.&quot; name=&quot;description&quot;&gt;&lt;meta content=&quot;noodp&quot; name=&quot;robots&quot;&gt;&lt;meta content=&quot;text/html; charset=UTF-8&quot; http-equiv=&quot;Content-Type&quot;&gt;&lt;meta content=&quot;/images/branding/googleg/1x/googleg_standard_color_128dp.png&quot; itemprop=&quot;image&quot;&gt;&lt;title&gt;Google&lt;/title&gt;&lt;script nonce=&quot;L147HIOmmNrt3ENj6IVgSA==&quot;&gt;(function(){window.google={kEI:&apos;b_6qYPLXCIy7lwTmwqDIAg&apos;,kEXPI:&apos;0,772215,1,530320,56873,954,755,4350,206,4804,2316,383,246,5,1354,5250,1122516,1197790,462,31,328934,51274,16114,19398,9286,893,16679,4859,1361,9290,3025,4743,12841,4020,978,13227,2055,1793,4192,2693,3737,14527,4518,2777,919,5081,1593,1279,1042,1170,530,149,1103,840,517,1466,3,4311,108,3406,606,2023,1777,520,14670,3227,2845,7,4774,7580,5096,7876,3748,1181,108,2854,553,908,2,941,2614,2397,7468,3277,3,576,1835,2551,2073,149,5990,7985,4,1528,2304,1236,832,4394,577,1791,2893,2014,4067,14308,2658,4164,78,519,912,1028,656,30,3854,7561,2213,2305,640,1492,5586,3772,6763,665,2145,2102,1583,2527,992,3102,3138,6,613,295,3,3541,1,4174,4820,2948,2768,1814,283,912,5992,1161,99,1,5493,432,5340,2,1113,281,2806,712,1003,2,3037,20,5249,723,908,475,809,1052,2792,295,530,2,61,92,82,1358,354,1,1,1,1097,923,21,72,315,226,2,1787,116,1159,327,3845,406,2050,45,453,1149,171,55,2,336,908,1272,145,13,751,106,284,650,689,333,2,2,1047,1160,834,1661,30,2168,2,2,1667,34,11,593,1100,38,92,2,398,719,3,726,361,1713,532,860,3,1038,104,640,286,3,285,2,376,16,1652,921,898,150,527,280,5644676,183,3,40,63,151,4,5996917,2800650,882,444,1,2,80,1,1797,2,7,2,2551,1,748,141,795,563,1,4265,1,1,2,1331,3299,843,1,2608,155,17,13,72,139,4,2,20,2,169,13,19,46,5,39,96,284,4,4,4,4,4,4,8,4,4,4,24,196,29,2,2,1,2,1,2,2,7,4,1,2,2,2,2,2,2,276,133,77,75,70,7,9,2,9,3,2,2,23955563,4010274,268,1678,25701,2,918,2,2377,3,120,3,344,3,277,1007,486&apos;,kBL:&apos;y41M&apos;};google.sn=&apos;webhp&apos;;google.kHL=&apos;es&apos;;})();(function(){
var f,h=[];function k(a){for(var b;a&amp;&amp;(!a.getAttribute||!(b=a.getAttribute(&quot;eid&quot;)));)a=a.parentNode;return b||f}function l(a){for(var b=null;a&amp;&amp;(!a.getAttribute||!(b=a.getAttribute(&quot;leid&quot;)));)a=a.parentNode;return b}
function m(a,b,c,d,g){var e=&quot;&quot;;c||-1!=b.search(&quot;&amp;ei=&quot;)||(e=&quot;&amp;ei=&quot;+k(d),-1==b.search(&quot;&amp;lei=&quot;)&amp;&amp;(d=l(d))&amp;&amp;(e+=&quot;&amp;lei=&quot;+d));d=&quot;&quot;;!c&amp;&amp;window._cshid&amp;&amp;-1==b.search(&quot;&amp;cshid=&quot;)&amp;&amp;&quot;slh&quot;!=a&amp;&amp;(d=&quot;&amp;cshid=&quot;+window._cshid);c=c||&quot;/&quot;+(g||&quot;gen_204&quot;)+&quot;?atyp=i&amp;ct=&quot;+a+&quot;&amp;cad=&quot;+b+e+&quot;&amp;zx=&quot;+Date.now()+d;/^http:/i.test(c)&amp;&amp;&quot;https:&quot;==window.location.protocol&amp;&amp;(google.ml&amp;&amp;google.ml(Error(&quot;a&quot;),!1,{src:c,glmm:1}),c=&quot;&quot;);return c};f=google.kEI;google.getEI=k;google.getLEI=l;google.ml=function(){return null};google.log=function(a,b,c,d,g){if(c=m(a,b,c,d,g)){a=new Image;var e=h.length;h[e]=a;a.onerror=a.onload=a.onabort=function(){delete h[e]};a.src=c}};google.logUrl=m;}).call(this);(function(){
google.y={};google.sy=[];google.x=function(a,b){if(a)var c=a.id;else{do c=Math.random();while(google.y[c])}google.y[c]=[a,b];return!1};google.sx=function(a){google.sy.push(a)};google.lm=[];google.plm=function(a){google.lm.push.apply(google.lm,a)};google.lq=[];google.load=function(a,b,c){google.lq.push([[a],b,c])};google.loadAll=function(a,b){google.lq.push([a,b])};google.bx=!1;google.lx=function(){};}).call(this);google.f={};(function(){
document.documentElement.addEventListener(&quot;submit&quot;,function(b){var a;if(a=b.target){var c=a.getAttribute(&quot;data-submitfalse&quot;);a=&quot;1&quot;==c||&quot;q&quot;==c&amp;&amp;!a.elements.q.value?!0:!1}else a=!1;a&amp;&amp;(b.preventDefault(),b.stopPropagation())},!0);document.documentElement.addEventListener(&quot;click&quot;,function(b){var a;a:{for(a=b.target;a&amp;&amp;a!=document.documentElement;a=a.parentElement)if(&quot;A&quot;==a.tagName){a=&quot;1&quot;==a.getAttribute(&quot;data-nohref&quot;);break a}a=!1}a&amp;&amp;b.preventDefault()},!0);}).call(this);&lt;/script&gt;&lt;style&gt;#gbar,#guser{font-size:13px;padding-top:1px !important;}#gbar{height:22px}#guser{padding-bottom:7px !important;text-align:right}.gbh,.gbd{border-top:1px solid #c9d7f1;font-size:1px}.gbh{height:0;position:absolute;top:24px;width:100%}@media all{.gb1{height:22px;margin-right:.5em;vertical-align:top}#gbar{float:left}}a.gb1,a.gb4{text-decoration:underline !important}a.gb1,a.gb4{color:#00c !important}.gbi .gb4{color:#dd8e27 !important}.gbf .gb4{color:#900 !important}
&lt;/style&gt;&lt;style&gt;body,td,a,p,.h{font-family:arial,sans-serif}body{margin:0;overflow-y:scroll}#gog{padding:3px 8px 0}td{line-height:.8em}.gac_m td{line-height:17px}form{margin-bottom:20px}.h{color:#1558d6}em{font-weight:bold;font-style:normal}.lst{height:25px;width:496px}.gsfi,.lst{font:18px arial,sans-serif}.gsfs{font:17px arial,sans-serif}.ds{display:inline-box;display:inline-block;margin:3px 0 4px;margin-left:4px}input{font-family:inherit}body{background:#fff;color:#000}a{color:#4b11a8;text-decoration:none}a:hover,a:active{text-decoration:underline}.fl a{color:#1558d6}a:visited{color:#4b11a8}.sblc{padding-top:5px}.sblc a{display:block;margin:2px 0;margin-left:13px;font-size:11px}.lsbb{background:#f8f9fa;border:solid 1px;border-color:#dadce0 #70757a #70757a #dadce0;height:30px}.lsbb{display:block}#WqQANb a{display:inline-block;margin:0 12px}.lsb{background:url(/images/nav_logo229.png) 0 -261px repeat-x;border:none;color:#000;cursor:pointer;height:30px;margin:0;outline:0;font:15px arial,sans-serif;vertical-align:top}.lsb:active{background:#dadce0}.lst:focus{outline:none}&lt;/style&gt;&lt;script nonce=&quot;L147HIOmmNrt3ENj6IVgSA==&quot;&gt;&lt;/script&gt;&lt;/head&gt;&lt;body bgcolor=&quot;#fff&quot;&gt;&lt;script nonce=&quot;L147HIOmmNrt3ENj6IVgSA==&quot;&gt;(function(){var src=&apos;/images/nav_logo229.png&apos;;var iesg=false;document.body.onload = function(){window.n &amp;&amp; window.n();if (document.images){new Image().src=src;}
if (!iesg){document.f&amp;&amp;document.f.q.focus();document.gbqf&amp;&amp;document.gbqf.q.focus();}
}
})();&lt;/script&gt;&lt;div id=&quot;mngb&quot;&gt;&lt;div id=gbar&gt;&lt;nobr&gt;&lt;b class=gb1&gt;Búsqueda&lt;/b&gt; &lt;a class=gb1 href=&quot;https://www.google.es/imghp?hl=es&amp;tab=wi&quot;&gt;Imágenes&lt;/a&gt; &lt;a class=gb1 href=&quot;https://maps.google.es/maps?hl=es&amp;tab=wl&quot;&gt;Maps&lt;/a&gt; &lt;a class=gb1 href=&quot;https://play.google.com/?hl=es&amp;tab=w8&quot;&gt;Play&lt;/a&gt; &lt;a class=gb1 href=&quot;https://www.youtube.com/?gl=ES&amp;tab=w1&quot;&gt;YouTube&lt;/a&gt; &lt;a class=gb1 href=&quot;https://news.google.com/?tab=wn&quot;&gt;Noticias&lt;/a&gt; &lt;a class=gb1 href=&quot;https://mail.google.com/mail/?tab=wm&quot;&gt;Gmail&lt;/a&gt; &lt;a class=gb1 href=&quot;https://drive.google.com/?tab=wo&quot;&gt;Drive&lt;/a&gt; &lt;a class=gb1 style=&quot;text-decoration:none&quot; href=&quot;https://www.google.es/intl/es/about/products?tab=wh&quot;&gt;&lt;u&gt;Más&lt;/u&gt; &amp;raquo;&lt;/a&gt;&lt;/nobr&gt;&lt;/div&gt;&lt;div id=guser width=100%&gt;&lt;nobr&gt;&lt;span id=gbn class=gbi&gt;&lt;/span&gt;&lt;span id=gbf class=gbf&gt;&lt;/span&gt;&lt;span id=gbe&gt;&lt;/span&gt;&lt;a href=&quot;http://www.google.es/history/optout?hl=es&quot; class=gb4&gt;Historial web&lt;/a&gt; | &lt;a  href=&quot;/preferences?hl=es&quot; class=gb4&gt;Ajustes&lt;/a&gt; | &lt;a target=_top id=gb_70 href=&quot;https://accounts.google.com/ServiceLogin?hl=es&amp;passive=true&amp;continue=https://www.google.es/&amp;ec=GAZAAQ&quot; class=gb4&gt;Iniciar sesión&lt;/a&gt;&lt;/nobr&gt;&lt;/div&gt;&lt;div class=gbh style=left:0&gt;&lt;/div&gt;&lt;div class=gbh style=right:0&gt;&lt;/div&gt;&lt;/div&gt;&lt;center&gt;&lt;br clear=&quot;all&quot; id=&quot;lgpd&quot;&gt;&lt;div id=&quot;lga&quot;&gt;&lt;img alt=&quot;Google&quot; height=&quot;92&quot; src=&quot;/images/branding/googlelogo/1x/googlelogo_white_background_color_272x92dp.png&quot; style=&quot;padding:28px 0 14px&quot; width=&quot;272&quot; id=&quot;hplogo&quot;&gt;&lt;br&gt;&lt;br&gt;&lt;/div&gt;&lt;form action=&quot;/search&quot; name=&quot;f&quot;&gt;&lt;table cellpadding=&quot;0&quot; cellspacing=&quot;0&quot;&gt;&lt;tr valign=&quot;top&quot;&gt;&lt;td width=&quot;25%&quot;&gt;&amp;nbsp;&lt;/td&gt;&lt;td align=&quot;center&quot; nowrap=&quot;&quot;&gt;&lt;input name=&quot;ie&quot; value=&quot;ISO-8859-1&quot; type=&quot;hidden&quot;&gt;&lt;input value=&quot;es&quot; name=&quot;hl&quot; type=&quot;hidden&quot;&gt;&lt;input name=&quot;source&quot; type=&quot;hidden&quot; value=&quot;hp&quot;&gt;&lt;input name=&quot;biw&quot; type=&quot;hidden&quot;&gt;&lt;input name=&quot;bih&quot; type=&quot;hidden&quot;&gt;&lt;div class=&quot;ds&quot; style=&quot;height:32px;margin:4px 0&quot;&gt;&lt;input class=&quot;lst&quot; style=&quot;margin:0;padding:5px 8px 0 6px;vertical-align:top;color:#000&quot; autocomplete=&quot;off&quot; value=&quot;&quot; title=&quot;Buscar con Google&quot; maxlength=&quot;2048&quot; name=&quot;q&quot; size=&quot;57&quot;&gt;&lt;/div&gt;&lt;br style=&quot;line-height:0&quot;&gt;&lt;span class=&quot;ds&quot;&gt;&lt;span class=&quot;lsbb&quot;&gt;&lt;input class=&quot;lsb&quot; value=&quot;Buscar con Google&quot; name=&quot;btnG&quot; type=&quot;submit&quot;&gt;&lt;/span&gt;&lt;/span&gt;&lt;span class=&quot;ds&quot;&gt;&lt;span class=&quot;lsbb&quot;&gt;&lt;input class=&quot;lsb&quot; id=&quot;tsuid1&quot; value=&quot;Voy a tener suerte&quot; name=&quot;btnI&quot; type=&quot;submit&quot;&gt;&lt;script nonce=&quot;L147HIOmmNrt3ENj6IVgSA==&quot;&gt;(function(){var id=&apos;tsuid1&apos;;document.getElementById(id).onclick = function(){if (this.form.q.value){this.checked = 1;if (this.form.iflsig)this.form.iflsig.disabled = false;}
else top.location=&apos;/doodles/&apos;;};})();&lt;/script&gt;&lt;input value=&quot;AINFCbYAAAAAYKsMf4ZFtHGil_I-hkutBpOwxSTJ0gp0&quot; name=&quot;iflsig&quot; type=&quot;hidden&quot;&gt;&lt;/span&gt;&lt;/span&gt;&lt;/td&gt;&lt;td class=&quot;fl sblc&quot; align=&quot;left&quot; nowrap=&quot;&quot; width=&quot;25%&quot;&gt;&lt;a href=&quot;/advanced_search?hl=es&amp;amp;authuser=0&quot;&gt;Búsqueda avanzada&lt;/a&gt;&lt;/td&gt;&lt;/tr&gt;&lt;/table&gt;&lt;input id=&quot;gbv&quot; name=&quot;gbv&quot; type=&quot;hidden&quot; value=&quot;1&quot;&gt;&lt;script nonce=&quot;L147HIOmmNrt3ENj6IVgSA==&quot;&gt;(function(){
var a,b=&quot;1&quot;;if(document&amp;&amp;document.getElementById)if(&quot;undefined&quot;!=typeof XMLHttpRequest)b=&quot;2&quot;;else if(&quot;undefined&quot;!=typeof ActiveXObject){var c,d,e=[&quot;MSXML2.XMLHTTP.6.0&quot;,&quot;MSXML2.XMLHTTP.3.0&quot;,&quot;MSXML2.XMLHTTP&quot;,&quot;Microsoft.XMLHTTP&quot;];for(c=0;d=e[c++];)try{new ActiveXObject(d),b=&quot;2&quot;}catch(h){}}a=b;if(&quot;2&quot;==a&amp;&amp;-1==location.search.indexOf(&quot;&amp;gbv=2&quot;)){var f=google.gbvu,g=document.getElementById(&quot;gbv&quot;);g&amp;&amp;(g.value=a);f&amp;&amp;window.setTimeout(function(){location.href=f},0)};}).call(this);&lt;/script&gt;&lt;/form&gt;&lt;div id=&quot;gac_scont&quot;&gt;&lt;/div&gt;&lt;div style=&quot;font-size:83%;min-height:3.5em&quot;&gt;&lt;br&gt;&lt;div id=&quot;gws-output-pages-elements-homepage_additional_languages__als&quot;&gt;&lt;style&gt;#gws-output-pages-elements-homepage_additional_languages__als{font-size:small;margin-bottom:24px}#SIvCob{display:inline-block;line-height:28px;}#SIvCob a{padding:0 3px;}.H6sW5{display:inline-block;margin:0 2px;white-space:nowrap}.z4hgWe{display:inline-block;margin:0 2px}&lt;/style&gt;&lt;div id=&quot;SIvCob&quot;&gt;Ofrecido por Google en:  &lt;a href=&quot;https://www.google.es/setprefs?sig=0_67qeBhjsXCtFthCgrxOVTUvCiXw%3D&amp;amp;hl=ca&amp;amp;source=homepage&amp;amp;sa=X&amp;amp;ved=0ahUKEwiyy-3GkuHwAhWM3YUKHWYhCCkQ2ZgBCAU&quot;&gt;català&lt;/a&gt;    &lt;a href=&quot;https://www.google.es/setprefs?sig=0_67qeBhjsXCtFthCgrxOVTUvCiXw%3D&amp;amp;hl=gl&amp;amp;source=homepage&amp;amp;sa=X&amp;amp;ved=0ahUKEwiyy-3GkuHwAhWM3YUKHWYhCCkQ2ZgBCAY&quot;&gt;galego&lt;/a&gt;    &lt;a href=&quot;https://www.google.es/setprefs?sig=0_67qeBhjsXCtFthCgrxOVTUvCiXw%3D&amp;amp;hl=eu&amp;amp;source=homepage&amp;amp;sa=X&amp;amp;ved=0ahUKEwiyy-3GkuHwAhWM3YUKHWYhCCkQ2ZgBCAc&quot;&gt;euskara&lt;/a&gt;  &lt;/div&gt;&lt;/div&gt;&lt;/div&gt;&lt;span id=&quot;footer&quot;&gt;&lt;div style=&quot;font-size:10pt&quot;&gt;&lt;div style=&quot;margin:19px auto;text-align:center&quot; id=&quot;WqQANb&quot;&gt;&lt;a href=&quot;/intl/es/ads/&quot;&gt;Programas de publicidad&lt;/a&gt;&lt;a href=&quot;http://www.google.es/intl/es/services/&quot;&gt;Soluciones Empresariales&lt;/a&gt;&lt;a href=&quot;/intl/es/about.html&quot;&gt;Todo acerca de Google&lt;/a&gt;&lt;a href=&quot;https://www.google.es/setprefdomain?prefdom=US&amp;amp;sig=K_BiuaiRIIb23Mas2wMETkdl3kIts%3D&quot; id=&quot;fehl&quot;&gt;Google.com&lt;/a&gt;&lt;/div&gt;&lt;/div&gt;&lt;p style=&quot;font-size:8pt;color:#70757a&quot;&gt;&amp;copy; 2021 - &lt;a href=&quot;/intl/es/policies/privacy/&quot;&gt;Privacidad&lt;/a&gt; - &lt;a href=&quot;/intl/es/policies/terms/&quot;&gt;Términos&lt;/a&gt;&lt;/p&gt;&lt;/span&gt;&lt;/center&gt;&lt;script nonce=&quot;L147HIOmmNrt3ENj6IVgSA==&quot;&gt;(function(){window.google.cdo={height:0,width:0};(function(){
var a=window.innerWidth,b=window.innerHeight;if(!a||!b){var c=window.document,d=&quot;CSS1Compat&quot;==c.compatMode?c.documentElement:c.body;a=d.clientWidth;b=d.clientHeight}a&amp;&amp;b&amp;&amp;(a!=google.cdo.width||b!=google.cdo.height)&amp;&amp;google.log(&quot;&quot;,&quot;&quot;,&quot;/client_204?&amp;atyp=i&amp;biw=&quot;+a+&quot;&amp;bih=&quot;+b+&quot;&amp;ei=&quot;+google.kEI);}).call(this);})();&lt;/script&gt; &lt;script nonce=&quot;L147HIOmmNrt3ENj6IVgSA==&quot;&gt;(function(){google.xjs={ck:&apos;&apos;,cs:&apos;&apos;,excm:[]};})();&lt;/script&gt;  &lt;script nonce=&quot;L147HIOmmNrt3ENj6IVgSA==&quot;&gt;(function(){var u=&apos;/xjs/_/js/k\x3dxjs.hp.en.lHtFAh-swj4.O/m\x3dsb_he,d/am\x3dAHgCLA/d\x3d1/ed\x3d1/rs\x3dACT90oGHn4Wmv_QBfS4TJEbEQApTpgWEMA&apos;;
var e=this||self,f=function(a){return a};var g;var l=function(a,b){this.g=b===h?a:&quot;&quot;};l.prototype.toString=function(){return this.g+&quot;&quot;};var h={};function m(){var a=u;google.lx=function(){n(a);google.lx=function(){}};google.bx||google.lx()}
function n(a){google.timers&amp;&amp;google.timers.load&amp;&amp;google.tick&amp;&amp;google.tick(&quot;load&quot;,&quot;xjsls&quot;);var b=document;var c=&quot;SCRIPT&quot;;&quot;application/xhtml+xml&quot;===b.contentType&amp;&amp;(c=c.toLowerCase());c=b.createElement(c);if(void 0===g){b=null;var k=e.trustedTypes;if(k&amp;&amp;k.createPolicy){try{b=k.createPolicy(&quot;goog#html&quot;,{createHTML:f,createScript:f,createScriptURL:f})}catch(p){e.console&amp;&amp;e.console.error(p.message)}g=b}else g=b}a=(b=g)?b.createScriptURL(a):a;a=new l(a,h);c.src=a instanceof l&amp;&amp;a.constructor===l?a.g:&quot;type_error:TrustedResourceUrl&quot;;var d;a=(c.ownerDocument&amp;&amp;c.ownerDocument.defaultView||window).document;(d=(a=null===(d=a.querySelector)||void 0===d?void 0:d.call(a,&quot;script[nonce]&quot;))?a.nonce||a.getAttribute(&quot;nonce&quot;)||&quot;&quot;:&quot;&quot;)&amp;&amp;c.setAttribute(&quot;nonce&quot;,d);document.body.appendChild(c);google.psa=!0};setTimeout(function(){m()},0);})();(function(){window.google.xjsu=&apos;/xjs/_/js/k\x3dxjs.hp.en.lHtFAh-swj4.O/m\x3dsb_he,d/am\x3dAHgCLA/d\x3d1/ed\x3d1/rs\x3dACT90oGHn4Wmv_QBfS4TJEbEQApTpgWEMA&apos;;})();function _DumpException(e){throw e;}
function _F_installCss(c){}
(function(){google.jl={blt:&apos;none&apos;,dw:false,emtn:0,ine:false,lls:&apos;default&apos;,pdt:0,snet:true,uwp:true};})();(function(){var pmc=&apos;{\x22d\x22:{},\x22sb_he\x22:{\x22agen\x22:true,\x22cgen\x22:true,\x22client\x22:\x22heirloom-hp\x22,\x22dh\x22:true,\x22dhqt\x22:true,\x22ds\x22:\x22\x22,\x22ffql\x22:\x22es\x22,\x22fl\x22:true,\x22host\x22:\x22google.es\x22,\x22isbh\x22:28,\x22jsonp\x22:true,\x22lm\x22:true,\x22msgs\x22:{\x22cibl\x22:\x22Borrar búsqueda\x22,\x22dym\x22:\x22Quizás quisiste decir:\x22,\x22lcky\x22:\x22Voy a tener suerte\x22,\x22lml\x22:\x22Más información\x22,\x22oskt\x22:\x22Herramientas de introducción de texto\x22,\x22psrc\x22:\x22Esta búsqueda se ha eliminado de tu \\u003Ca href\x3d\\\x22/history\\\x22\\u003Ehistorial web\\u003C/a\\u003E.\x22,\x22psrl\x22:\x22Quitar\x22,\x22sbit\x22:\x22Buscar por imagen\x22,\x22srch\x22:\x22Buscar con Google\x22},\x22nrft\x22:false,\x22ovr\x22:{},\x22pq\x22:\x22\x22,\x22refpd\x22:true,\x22rfs\x22:[],\x22sbas\x22:\x220 3px 8px 0 rgba(0,0,0,0.2),0 0 0 1px rgba(0,0,0,0.08)\x22,\x22sbpl\x22:16,\x22sbpr\x22:16,\x22scd\x22:10,\x22stok\x22:\x22P8DriayXmOSjsq6BHIybIx9niKo\x22,\x22uhde\x22:false}}&apos;;google.pmc=JSON.parse(pmc);})();&lt;/script&gt;        &lt;/body&gt;&lt;/html&gt;
</system-out>
  </testcase>
  <testcase classname="com.ejemplo.clienteshttp.Test_ClienteHttp4513" name="borrarFormulario_DELETE" time="1.177">
    <skipped message="descomentar para ignorar"/>
  </testcase>
</testsuite>